<?xml version="1.0" encoding="UTF-8"?>
<!-- Generated by org.testng.reporters.JUnitXMLReporter -->
<testsuite ignored="0" hostname="DESKTOP-OGED8AD" failures="0" tests="3" name="Test" time="2.411" errors="0" timestamp="2022-06-28T17:40:46 IST">
  <testcase classname="request.Country_Flag_Request_By_ISO_Code_Test" name="verify_india_flag_is_displayed_for_in_iso_code" time="1.733"/>
  <testcase classname="request.Country_Capital_Request_By_ISO_Code_Test" name="verify_country_capital_request_by_iso_code" time="0.301"/>
  <testcase classname="request.Country_Name_Request_By_ISO_Code_Test" name="verify_india_name_is_displayed_for_in_iso_code" time="0.318"/>
</testsuite> <!-- Test -->
